current directory: /home/runner/Ruby-302/.bundle/ruby/3.0.0/gems/msgpack-1.5.3/ext/msgpack
/nix/store/kxfnc58wvl1grqzvq8qxwqgbj4q3bfxl-ruby-3.0.2/bin/ruby -I /nix/store/kxfnc58wvl1grqzvq8qxwqgbj4q3bfxl-ruby-3.0.2/lib/ruby/3.0.0 -r ./siteconf20220731-236-53ifre.rb extconf.rb
checking for ruby/st.h... yes
checking for st.h... no
checking for rb_enc_interned_str() in ruby.h... yes
checking for rb_hash_new_capa() in ruby.h... no
creating Makefile

current directory: /home/runner/Ruby-302/.bundle/ruby/3.0.0/gems/msgpack-1.5.3/ext/msgpack
make DESTDIR\= clean

current directory: /home/runner/Ruby-302/.bundle/ruby/3.0.0/gems/msgpack-1.5.3/ext/msgpack
make DESTDIR\=
compiling buffer.c
compiling buffer_class.c
compiling extension_value_class.c
compiling factory_class.c
compiling packer.c
compiling packer_class.c
compiling packer_ext_registry.c
compiling rbinit.c
compiling rmem.c
compiling unpacker.c
compiling unpacker_class.c
compiling unpacker_ext_registry.c
linking shared-object msgpack/msgpack.so

current directory: /home/runner/Ruby-302/.bundle/ruby/3.0.0/gems/msgpack-1.5.3/ext/msgpack
make DESTDIR\= install
/nix/store/1570w56jrkvr90w9x158vyb5vahnk18v-coreutils-8.32/bin/install -c -m 0755 msgpack.so ./.gem.20220731-236-nwm1z/msgpack
